<?xml version="1.0" encoding="UTF-8"?>
<testsuite xmlns:xsi="http://www.w3.org/2001/XMLSchema-instance" xsi:noNamespaceSchemaLocation="https://maven.apache.org/surefire/maven-surefire-plugin/xsd/surefire-test-report.xsd" name="TestSuite" time="5.378" tests="2" errors="0" skipped="0" failures="0">
  <properties>
[...]
</properties>
  <testcase name="loginTest1" classname="com.dic.upload.test.LoginTest" time="0.889"/>
  <testcase name="loginTest1" classname="com.dic.upload.test.LoginTest" time="0.83"/>
</testsuite>